declare -x ALLUSERSPROFILE="C:\\ProgramData"
declare -x APPDATA="C:\\Users\\Angelo Sevilleno\\AppData\\Roaming"
declare -x CHROME_CRASHPAD_PIPE_NAME="\\\\.\\pipe\\crashpad_11704_TILXJLSMWFRAAQSO"
declare -x COLORTERM="truecolor"
declare -x COMMONPROGRAMFILES="C:\\Program Files\\Common Files"
declare -x COMPUTERNAME="MSI"
declare -x COMSPEC="C:\\WINDOWS\\system32\\cmd.exe"
declare -x CommonProgramW6432="C:\\Program Files\\Common Files"
declare -x DriverData="C:\\Windows\\System32\\Drivers\\DriverData"
declare -x EXEPATH="C:\\Program Files\\Git\\bin"
declare -x FPS_BROWSER_APP_PROFILE_STRING="Internet Explorer"
declare -x FPS_BROWSER_USER_PROFILE_STRING="Default"
declare -x GIT_ASKPASS="c:\\Users\\Angelo Sevilleno\\AppData\\Local\\Programs\\Microsoft VS Code\\resources\\app\\extensions\\git\\dist\\askpass.sh"
declare -x GPU_FORCE_64BIT_PTR="0"
declare -x GPU_MAX_ALLOC_PERCENT="100"
declare -x GPU_MAX_HEAP_SIZE="100"
declare -x GPU_SINGLE_ALLOC_PERCENT="100"
declare -x GPU_USE_SYNC_OBJECTS="1"
declare -x HOME="/c/Users/Angelo Sevilleno"
declare -x HOMEDRIVE="C:"
declare -x HOMEPATH="\\Users\\Angelo Sevilleno"
declare -x INTEL_DEV_REDIST="C:\\Program Files (x86)\\Common Files\\Intel\\Shared Libraries\\"
declare -x JAVA_HOME="C:\\Program Files\\Amazon Corretto\\jdk11.0.8_10"
declare -x LANG="en_US.UTF-8"
declare -x LOCALAPPDATA="C:\\Users\\Angelo Sevilleno\\AppData\\Local"
declare -x LOGONSERVER="\\\\MSI"
declare -x MIC_LD_LIBRARY_PATH="C:\\Program Files (x86)\\Common Files\\Intel\\Shared Libraries\\compiler\\lib\\mic"
declare -x MSYSTEM="MINGW64"
declare -x NUMBER_OF_PROCESSORS="8"
declare -x OLDPWD
declare -x ORIGINAL_XDG_CURRENT_DESKTOP="undefined"
declare -x OS="Windows_NT"
declare -x OneDrive="C:\\Users\\Angelo Sevilleno\\OneDrive"
declare -x OneDriveConsumer="C:\\Users\\Angelo Sevilleno\\OneDrive"
declare -x PATH="/mingw64/bin:/usr/bin:/c/Users/Angelo Sevilleno/bin:/c/Program Files (x86)/Common Files/Intel/Shared Libraries/redist/intel64/compiler:/c/Program Files/Amazon Corretto/jdk11.0.8_10/bin:/c/Program Files (x86)/Common Files/Oracle/Java/javapath:/c/Windows/system32:/c/Windows:/c/Windows/System32/Wbem:/c/Windows/System32/WindowsPowerShell/v1.0:/c/Windows/System32/OpenSSH:/c/Program Files (x86)/NVIDIA Corporation/PhysX/Common:/c/Program Files/NVIDIA Corporation/NVIDIA NvDLISR:/c/Program Files/Intel/WiFi/bin:/c/Program Files/Common Files/Intel/WirelessCommon:/c/Program Files/dotnet:/c/Program Files/Microsoft SQL Server/130/Tools/Binn:/c/Program Files/Microsoft SQL Server/Client SDK/ODBC/170/Tools/Binn:/c/Program Files/Microsoft SQL Server/Client SDK/ODBC/130/Tools/Binn:/c/Program Files (x86)/Microsoft SQL Server/140/Tools/Binn:/c/Program Files/Microsoft SQL Server/140/Tools/Binn:/c/Program Files/Microsoft SQL Server/140/DTS/Binn:/c/Program Files (x86)/Microsoft SQL Server/150/DTS/Binn:/c/Program Files (x86)/Microsoft SQL Server/100/Tools/Binn:/c/Program Files/Microsoft SQL Server/100/Tools/Binn:/c/Program Files/Microsoft SQL Server/100/DTS/Binn:/c/Windows/Microsoft.NET/Framework64/v4.0.30319:/cmd:/c/Program Files (x86)/Microsoft SQL Server/150/Tools/Binn:/c/Program Files/Microsoft SQL Server/150/Tools/Binn:/c/Program Files/Microsoft SQL Server/150/DTS/Binn:/c/Program Files/Java/jre1.8.0_241/bin:/c/Program Files (x86)/NASM:/c/WINDOWS/system32:/c/WINDOWS:/c/WINDOWS/System32/Wbem:/c/WINDOWS/System32/WindowsPowerShell/v1.0:/c/WINDOWS/System32/OpenSSH:/c/masm/BIN:/c/Program Files/R/R-4.0.2/bin:/c/cygwin64/bin:/c/Users/Angelo Sevilleno/AppData/Local/Programs/Microsoft VS Code:/c/Program Files/nodejs:/c/Program Files (x86)/dotnet:/c/Program Files/PuTTY:/d/cygwin64/bin:/c/Program Files/Mozilla Firefox:/c/Users/Angelo Sevilleno/AppData/Local/Programs/Python/Python38-32/Scripts:/c/Users/Angelo Sevilleno/AppData/Local/Programs/Python/Python38-32:/c/Users/Angelo Sevilleno/AppData/Local/Microsoft/WindowsApps:/c/Users/Angelo Sevilleno/AppData/Local/Programs/Microsoft VS Code/bin:/c/Program Files/JetBrains/PhpStorm 2019.3/bin:/c/Users/Angelo Sevilleno/AppData/Local/atom/bin:/c/Users/Angelo Sevilleno/AppData/Local/Microsoft/WindowsApps:/c/Users/Angelo Sevilleno/.dotnet/tools:/c/Program Files/JetBrains/IntelliJ IDEA 2020.2/bin:/c/Users/Angelo Sevilleno/AppData/Roaming/npm:/c/Program Files/Multipass/bin"
declare -x PATHEXT=".COM;.EXE;.BAT;.CMD;.VBS;.VBE;.JS;.JSE;.WSF;.WSH;.MSC"  
declare -x PLINK_PROTOCOL="ssh"
declare -x PROCESSOR_ARCHITECTURE="AMD64"
declare -x PROCESSOR_IDENTIFIER="Intel64 Family 6 Model 158 Stepping 10, GenuineIntel"
declare -x PROCESSOR_LEVEL="6"
declare -x PROCESSOR_REVISION="9e0a"
declare -x PROGRAMFILES="C:\\Program Files"
declare -x PSModulePath="C:\\Program Files\\WindowsPowerShell\\Modules;C:\\WINDOWS\\system32\\WindowsPowerShell\\v1.0\\Modules;C:\\Program Files (x86)\\Microsoft SQL Server\\140\\Tools\\PowerShell\\Modules\\;C:\\Program Files (x86)\\Microsoft SQL Server\\150\\Tools\\PowerShell\\Modules\\"
declare -x PUBLIC="C:\\Users\\Public"
declare -x PWD="/c/repos/Portfolio"
declare -x PhpStorm="C:\\Program Files\\JetBrains\\PhpStorm 2019.3\\bin;"
declare -x ProgramData="C:\\ProgramData"
declare -x ProgramW6432="C:\\Program Files"
declare -x SESSIONNAME="Console"
declare -x SHLVL="2"
declare -x SYSTEMDRIVE="C:"
declare -x SYSTEMROOT="C:\\WINDOWS"
declare -x TEMP="/tmp"
declare -x TERM="cygwin"
declare -x TERM_PROGRAM="vscode"
declare -x TERM_PROGRAM_VERSION="1.54.1"
declare -x TMP="/tmp"
declare -x USERDOMAIN="MSI"
declare -x USERDOMAIN_ROAMINGPROFILE="MSI"
declare -x USERNAME="Angelo"
declare -x USERPROFILE="C:\\Users\\Angelo Sevilleno"
declare -x VBOX_MSI_INSTALL_PATH="C:\\Program Files\\Oracle\\VirtualBox\\"
declare -x VS140COMNTOOLS="C:\\Program Files (x86)\\Microsoft Visual Studio 14.0\\Common7\\Tools\\"
declare -x VSCODE_GIT_ASKPASS_MAIN="c:\\Users\\Angelo Sevilleno\\AppData\\Local\\Programs\\Microsoft VS Code\\resources\\app\\extensions\\git\\dist\\askpass-main.js"
declare -x VSCODE_GIT_ASKPASS_NODE="C:\\Users\\Angelo Sevilleno\\AppData\\Local\\Programs\\Microsoft VS Code\\Code.exe"
declare -x VSCODE_GIT_IPC_HANDLE="\\\\.\\pipe\\vscode-git-44cd741bfc-sock"
declare -x WINDIR="C:\\WINDOWS"
declare -x configsetroot="C:\\WINDOWS\\ConfigSetRoot"
